0 info it worked if it ends with ok
1 verbose cli [ 'C:\\Program Files\\nodejs\\\\node.exe',
1 verbose cli   'C:\\Program Files\\nodejs\\node_modules\\npm\\bin\\npm-cli.js',
1 verbose cli   'install',
1 verbose cli   'bootstrap-material-design',
1 verbose cli   '--save' ]
2 info using npm@1.4.28
3 info using node@v0.10.36
4 verbose node symlink C:\Program Files\nodejs\\node.exe
5 warn package.json mvp@1.0.0 No description
6 warn package.json mvp@1.0.0 No repository field.
7 warn package.json mvp@1.0.0 No README data
8 verbose readDependencies using package.json deps
9 verbose cache add [ 'bootstrap-material-design', null ]
10 verbose cache add name=undefined spec="bootstrap-material-design" args=["bootstrap-material-design",null]
11 verbose parsed url { protocol: null,
11 verbose parsed url   slashes: null,
11 verbose parsed url   auth: null,
11 verbose parsed url   host: null,
11 verbose parsed url   port: null,
11 verbose parsed url   hostname: null,
11 verbose parsed url   hash: null,
11 verbose parsed url   search: null,
11 verbose parsed url   query: null,
11 verbose parsed url   pathname: 'bootstrap-material-design',
11 verbose parsed url   path: 'bootstrap-material-design',
11 verbose parsed url   href: 'bootstrap-material-design' }
12 silly lockFile 4bc5e7fa-bootstrap-material-design bootstrap-material-design
13 verbose lock bootstrap-material-design C:\Users\dimitar.ruskov\AppData\Roaming\npm-cache\4bc5e7fa-bootstrap-material-design.lock
14 silly lockFile 4bc5e7fa-bootstrap-material-design bootstrap-material-design
15 silly lockFile 4bc5e7fa-bootstrap-material-design bootstrap-material-design
16 verbose addNamed [ 'bootstrap-material-design', '' ]
17 verbose addNamed [ null, '*' ]
18 silly lockFile 94708cfa-bootstrap-material-design bootstrap-material-design@
19 verbose lock bootstrap-material-design@ C:\Users\dimitar.ruskov\AppData\Roaming\npm-cache\94708cfa-bootstrap-material-design.lock
20 silly addNameRange { name: 'bootstrap-material-design', range: '*', hasData: false }
21 verbose request where is /bootstrap-material-design
22 verbose request registry https://registry.npmjs.org/
23 verbose request id 272ea0c03f2d3dc1
24 verbose url raw /bootstrap-material-design
25 verbose url resolving [ 'https://registry.npmjs.org/', './bootstrap-material-design' ]
26 verbose url resolved https://registry.npmjs.org/bootstrap-material-design
27 verbose request where is https://registry.npmjs.org/bootstrap-material-design
28 info trying registry request attempt 1 at 11:47:51
29 http GET https://registry.npmjs.org/bootstrap-material-design
30 http 404 https://registry.npmjs.org/bootstrap-material-design
31 verbose headers { server: 'CouchDB/1.5.0 (Erlang OTP/R16B03)',
31 verbose headers   'content-type': 'application/json',
31 verbose headers   'cache-control': 'max-age=0',
31 verbose headers   'content-length': '51',
31 verbose headers   'accept-ranges': 'bytes',
31 verbose headers   date: 'Wed, 22 Jul 2015 08:47:51 GMT',
31 verbose headers   via: '1.1 varnish',
31 verbose headers   age: '0',
31 verbose headers   connection: 'keep-alive',
31 verbose headers   'x-served-by': 'cache-lhr6325-LHR',
31 verbose headers   'x-cache': 'MISS',
31 verbose headers   'x-cache-hits': '0',
31 verbose headers   'x-timer': 'S1437554871.795558,VS0,VE92' }
32 silly registry.get cb [ 404,
32 silly registry.get   { server: 'CouchDB/1.5.0 (Erlang OTP/R16B03)',
32 silly registry.get     'content-type': 'application/json',
32 silly registry.get     'cache-control': 'max-age=0',
32 silly registry.get     'content-length': '51',
32 silly registry.get     'accept-ranges': 'bytes',
32 silly registry.get     date: 'Wed, 22 Jul 2015 08:47:51 GMT',
32 silly registry.get     via: '1.1 varnish',
32 silly registry.get     age: '0',
32 silly registry.get     connection: 'keep-alive',
32 silly registry.get     'x-served-by': 'cache-lhr6325-LHR',
32 silly registry.get     'x-cache': 'MISS',
32 silly registry.get     'x-cache-hits': '0',
32 silly registry.get     'x-timer': 'S1437554871.795558,VS0,VE92' } ]
33 silly lockFile 94708cfa-bootstrap-material-design bootstrap-material-design@
34 silly lockFile 94708cfa-bootstrap-material-design bootstrap-material-design@
35 error 404 404 Not Found: bootstrap-material-design
35 error 404
35 error 404 'bootstrap-material-design' is not in the npm registry.
35 error 404 You should bug the author to publish it
35 error 404 It was specified as a dependency of 'mvp'
35 error 404
35 error 404 Note that you can also install from a
35 error 404 tarball, folder, or http url, or git url.
36 error System Windows_NT 6.1.7601
37 error command "C:\\Program Files\\nodejs\\\\node.exe" "C:\\Program Files\\nodejs\\node_modules\\npm\\bin\\npm-cli.js" "install" "bootstrap-material-design" "--save"
38 error cwd C:\Users\dimitar.ruskov\Desktop\client
39 error node -v v0.10.36
40 error npm -v 1.4.28
41 error code E404
42 verbose exit [ 1, true ]
